Flutter crash report.
Please report a bug at https://github.com/flutter/flutter/issues.

## command

flutter run -d chrome

## exception

PathAccessException: PathAccessException: Deletion failed, path = 'build\flutter_assets\packages/cupertino_icons/assets/CupertinoIcons.ttf' (OS Error: The process cannot access the file because it is being used by another process.
, errno = 32)

```
#0      _Directory._deleteSync (dart:io/directory_impl.dart:225:7)
#1      FileSystemEntity.deleteSync (dart:io/file_system_entity.dart:425:7)
#2      _File._deleteSync (dart:io/file_impl.dart:365:50)
#3      FileSystemEntity.deleteSync (dart:io/file_system_entity.dart:425:7)
#4      ForwardingFileSystemEntity.deleteSync (package:file/src/forwarding/forwarding_file_system_entity.dart:70:16)
#5      ForwardingFileSystemEntity.deleteSync (package:file/src/forwarding/forwarding_file_system_entity.dart:70:16)
#6      ErrorHandlingFileSystem.deleteIfExists (package:flutter_tools/src/base/error_handling_io.dart:90:14)
#7      ErrorHandlingFile.copySync.<anonymous closure> (package:flutter_tools/src/base/error_handling_io.dart:330:35)
#8      _runSync (package:flutter_tools/src/base/error_handling_io.dart:552:14)
#9      ErrorHandlingFile.copySync (package:flutter_tools/src/base/error_handling_io.dart:313:5)
#10     writeBundle.<anonymous closure> (package:flutter_tools/src/bundle_builder.dart:221:19)
<asynchronous suspension>
#11     Future.wait.<anonymous closure> (dart:async/future.dart:525:21)
<asynchronous suspension>
#12     writeBundle (package:flutter_tools/src/bundle_builder.dart:177:3)
<asynchronous suspension>
#13     WebDevFS.update (package:flutter_tools/src/isolated/devfs_web.dart:348:9)
<asynchronous suspension>
#14     ResidentWebRunner._updateDevFS (package:flutter_tools/src/isolated/resident_web_runner.dart:762:35)
<asynchronous suspension>
#15     ResidentWebRunner.run.<anonymous closure> (package:flutter_tools/src/isolated/resident_web_runner.dart:360:41)
<asynchronous suspension>
#16     asyncGuard.<anonymous closure> (package:flutter_tools/src/base/async_guard.dart:108:24)
<asynchronous suspension>
```

## flutter doctor

```
[32m[✓][39m Flutter (Channel stable, 3.35.1, on Microsoft Windows [Version 10.0.26100.5074], locale en-AE) [2.7s]
    [32m•[39m Flutter version 3.35.1 on channel stable at C:\Users\rami\Downloads\flutter
    [32m•[39m Upstream repository https://github.com/flutter/flutter.git
    [32m•[39m Framework revision 20f8274939 (3 weeks ago), 2025-08-14 10:53:09 -0700
    [32m•[39m Engine revision 1e9a811bf8
    [32m•[39m Dart version 3.9.0
    [32m•[39m DevTools version 2.48.0
    [32m•[39m Feature flags: enable-web, enable-linux-desktop, enable-macos-desktop, enable-windows-desktop, enable-android, enable-ios, cli-animations, enable-lldb-debugging

[32m[✓][39m Windows Version (11 Home 64-bit, 24H2, 2009) [17.0s]

[33m[!][39m Android toolchain - develop for Android devices (Android SDK version 36.0.0) [1,733ms]
    [32m•[39m Android SDK at C:\Users\rami\AppData\Local\Android\Sdk
    [32m•[39m Emulator version 35.6.11.0 (build_id 13610412) (CL:N/A)
    [31m✗[39m cmdline-tools component is missing.
      Try installing or updating Android Studio.
      Alternatively, download the tools from https://developer.android.com/studio#command-line-tools-only and make sure to set the ANDROID_HOME environment variable.
      See https://developer.android.com/studio/command-line for more details.
    [31m✗[39m Android license status unknown.
      Run `flutter doctor --android-licenses` to accept the SDK licenses.
      See https://flutter.dev/to/windows-android-setup for more details.

[32m[✓][39m Chrome - develop for the web [213ms]
    [32m•[39m Chrome at C:\Program Files\Google\Chrome\Application\chrome.exe

[32m[✓][39m Visual Studio - develop Windows apps (Visual Studio Community 2022 17.14.12) [213ms]
    [32m•[39m Visual Studio at C:\Program Files\Microsoft Visual Studio\2022\Community
    [32m•[39m Visual Studio Community 2022 version 17.14.36408.4
    [32m•[39m Windows 10 SDK version 10.0.26100.0

[32m[✓][39m Android Studio (version 2025.1.2) [10ms]
    [32m•[39m Android Studio at C:\Program Files\Android\Android Studio
    [32m•[39m Flutter plugin can be installed from:
      🔨 https://plugins.jetbrains.com/plugin/9212-flutter
    [32m•[39m Dart plugin can be installed from:
      🔨 https://plugins.jetbrains.com/plugin/6351-dart
    [32m•[39m Java version OpenJDK Runtime Environment (build 21.0.6+-13391695-b895.109)

[32m[✓][39m VS Code (version 1.103.2) [6ms]
    [32m•[39m VS Code at C:\Users\rami\AppData\Local\Programs\Microsoft VS Code
    [32m•[39m Flutter extension version 3.118.0

[32m[✓][39m Connected device (3 available) [347ms]
    [32m•[39m Windows (desktop) • windows • windows-x64    • Microsoft Windows [Version 10.0.26100.5074]
    [32m•[39m Chrome (web)      • chrome  • web-javascript • Google Chrome 139.0.7258.155
    [32m•[39m Edge (web)        • edge    • web-javascript • Microsoft Edge 139.0.3405.125

[32m[✓][39m Network resources [494ms]
    [32m•[39m All expected network resources are available.

[33m![39m Doctor found issues in 1 category.
```
